<?xml version="1.0" encoding="UTF-8"?>
<testsuite xmlns:xsi="http://www.w3.org/2001/XMLSchema-instance" xsi:noNamespaceSchemaLocation="https://maven.apache.org/surefire/maven-surefire-plugin/xsd/surefire-test-report.xsd" name="one.digitalinnovation.modulo4.ProjetoMaven.Ex3_component.src.test.java.one.digitalinnovation.AppTest" time="0.046" tests="1" errors="0" skipped="0" failures="0">
  <properties>
[...]
</properties>
  <testcase name="shouldAnswerWithTrue" classname="one.digitalinnovation.modulo4.ProjetoMaven.Ex3_component.src.test.java.one.digitalinnovation.AppTest" time="0.004"/>
</testsuite>